<?xml version="1.0" encoding="UTF-8"?>
<testsuite xmlns:xsi="http://www.w3.org/2001/XMLSchema-instance" xsi:noNamespaceSchemaLocation="https://maven.apache.org/surefire/maven-surefire-plugin/xsd/surefire-test-report-3.0.xsd" version="3.0" name="com.app.CANCHASBA_API.CanchasbaApiApplicationTests" time="16.059" tests="1" errors="0" skipped="0" failures="0">
  <properties>
[...]
</properties>
  <testcase name="contextLoads" classname="com.app.CANCHASBA_API.CanchasbaApiApplicationTests" time="0.598">
    <system-out><![CDATA[20:29:57.047 [main] INFO org.springframework.test.context.support.AnnotationConfigContextLoaderUtils -- Could not detect default configuration classes for test class [com.app.CANCHASBA_API.CanchasbaApiApplicationTests]: CanchasbaApiApplicationTests does not declare any static, non-private, non-final, nested classes annotated with @Configuration.
20:29:57.219 [main] INFO org.springframework.boot.test.context.SpringBootTestContextBootstrapper -- Found @SpringBootConfiguration com.app.CANCHASBA_API.CanchasbaApiApplication for test class com.app.CANCHASBA_API.CanchasbaApiApplicationTests

  .   ____          _            __ _ _
 /\\ / ___'_ __ _ _(_)_ __  __ _ \ \ \ \
( ( )\___ | '_ | '_| | '_ \/ _` | \ \ \ \
 \\/  ___)| |_)| | | | | || (_| |  ) ) ) )
  '  |____| .__|_| |_|_| |_\__, | / / / /
 =========|_|==============|___/=/_/_/_/

 :: Spring Boot ::                (v3.3.5)

2025-01-13T20:29:57.846-03:00  INFO 12046 --- [CANCHASBA-API] [           main] c.a.C.CanchasbaApiApplicationTests       : Starting CanchasbaApiApplicationTests using Java 17.0.13 with PID 12046 (started by lautaro in /home/lautaro/IdeaProjects/canchasba-api)
2025-01-13T20:29:57.849-03:00  INFO 12046 --- [CANCHASBA-API] [           main] c.a.C.CanchasbaApiApplicationTests       : No active profile set, falling back to 1 default profile: "default"
2025-01-13T20:29:59.476-03:00  INFO 12046 --- [CANCHASBA-API] [           main] .s.d.r.c.RepositoryConfigurationDelegate : Bootstrapping Spring Data JPA repositories in DEFAULT mode.
2025-01-13T20:29:59.556-03:00  INFO 12046 --- [CANCHASBA-API] [           main] .s.d.r.c.RepositoryConfigurationDelegate : Finished Spring Data repository scanning in 69 ms. Found 1 JPA repository interface.
2025-01-13T20:30:00.243-03:00  INFO 12046 --- [CANCHASBA-API] [           main] o.hibernate.jpa.internal.util.LogHelper  : HHH000204: Processing PersistenceUnitInfo [name: default]
2025-01-13T20:30:00.310-03:00  INFO 12046 --- [CANCHASBA-API] [           main] org.hibernate.Version                    : HHH000412: Hibernate ORM core version 6.5.3.Final
2025-01-13T20:30:00.357-03:00  INFO 12046 --- [CANCHASBA-API] [           main] o.h.c.internal.RegionFactoryInitiator    : HHH000026: Second-level cache disabled
2025-01-13T20:30:00.797-03:00  INFO 12046 --- [CANCHASBA-API] [           main] o.s.o.j.p.SpringPersistenceUnitInfo      : No LoadTimeWeaver setup: ignoring JPA class transformer
2025-01-13T20:30:00.851-03:00  INFO 12046 --- [CANCHASBA-API] [           main] com.zaxxer.hikari.HikariDataSource       : HikariPool-1 - Starting...
2025-01-13T20:30:04.420-03:00  INFO 12046 --- [CANCHASBA-API] [           main] com.zaxxer.hikari.pool.HikariPool        : HikariPool-1 - Added connection org.postgresql.jdbc.PgConnection@bb12f41
2025-01-13T20:30:04.425-03:00  INFO 12046 --- [CANCHASBA-API] [           main] com.zaxxer.hikari.HikariDataSource       : HikariPool-1 - Start completed.
2025-01-13T20:30:06.631-03:00  INFO 12046 --- [CANCHASBA-API] [           main] o.h.e.t.j.p.i.JtaPlatformInitiator       : HHH000489: No JTA platform available (set 'hibernate.transaction.jta.platform' to enable JTA platform integration)
2025-01-13T20:30:09.559-03:00  INFO 12046 --- [CANCHASBA-API] [           main] j.LocalContainerEntityManagerFactoryBean : Initialized JPA EntityManagerFactory for persistence unit 'default'
2025-01-13T20:30:10.108-03:00  INFO 12046 --- [CANCHASBA-API] [           main] o.s.d.j.r.query.QueryEnhancerFactory     : Hibernate is in classpath; If applicable, HQL parser will be used.
2025-01-13T20:30:11.520-03:00  WARN 12046 --- [CANCHASBA-API] [           main] JpaBaseConfiguration$JpaWebConfiguration : spring.jpa.open-in-view is enabled by default. Therefore, database queries may be performed during view rendering. Explicitly configure spring.jpa.open-in-view to disable this warning
2025-01-13T20:30:12.203-03:00  INFO 12046 --- [CANCHASBA-API] [           main] c.a.C.CanchasbaApiApplicationTests       : Started CanchasbaApiApplicationTests in 14.779 seconds (process running for 16.239)
]]></system-out>
  </testcase>
</testsuite>